# JRE version: OpenJDK Runtime Environment (8.0_152-b06) (build 1.8.0_152-release-1136-b06)
# Java VM: OpenJDK 64-Bit Server VM (25.152-b06 mixed mode windows-amd64 compressed oops)
Heap:
 PSYoungGen      total 200704K, used 194380K [0x00000000e0000000, 0x00000000f2a00000, 0x0000000100000000)
  eden space 110080K, 94% used [0x00000000e0000000,0x00000000e6558f10,0x00000000e6b80000)
  from space 90624K, 99% used [0x00000000ed180000,0x00000000f29fa148,0x00000000f2a00000)
  to   space 75264K, 0% used [0x00000000e6b80000,0x00000000e6b80000,0x00000000eb500000)
 ParOldGen       total 330752K, used 168939K [0x00000000a0000000, 0x00000000b4300000, 0x00000000e0000000)
  object space 330752K, 51% used [0x00000000a0000000,0x00000000aa4fac90,0x00000000b4300000)
 Metaspace       used 86715K, capacity 90112K, committed 93272K, reserved 1130496K
  class space    used 11044K, capacity 11891K, committed 12632K, reserved 1048576K
GC Heap History (10 events):
Event: 2587.493 GC heap before
{Heap before GC invocations=30 (full 5):
 PSYoungGen      total 162304K, used 101376K [0x00000000e0000000, 0x00000000f1100000, 0x0000000100000000)
  eden space 101376K, 100% used [0x00000000e0000000,0x00000000e6300000,0x00000000e6300000)
  from space 60928K, 0% used [0x00000000ead00000,0x00000000ead00000,0x00000000ee880000)
  to   space 75776K, 35% used [0x00000000e6300000,0x00000000e7d13078,0x00000000ead00000)
 ParOldGen       total 264192K, used 118558K [0x00000000a0000000, 0x00000000b0200000, 0x00000000e0000000)
  object space 264192K, 44% used [0x00000000a0000000,0x00000000a73c79d0,0x00000000b0200000)
 Metaspace       used 86580K, capacity 89974K, committed 93272K, reserved 1130496K
  class space    used 11041K, capacity 11888K, committed 12632K, reserved 1048576K
Event: 2588.161 GC heap after
Heap after GC invocations=30 (full 5):
 PSYoungGen      total 162304K, used 0K [0x00000000e0000000, 0x00000000f1100000, 0x0000000100000000)
  eden space 101376K, 0% used [0x00000000e0000000,0x00000000e0000000,0x00000000e6300000)
  from space 60928K, 0% used [0x00000000ead00000,0x00000000ead00000,0x00000000ee880000)
  to   space 75776K, 0% used [0x00000000e6300000,0x00000000e6300000,0x00000000ead00000)
 ParOldGen       total 330752K, used 153893K [0x00000000a0000000, 0x00000000b4300000, 0x00000000e0000000)
  object space 330752K, 46% used [0x00000000a0000000,0x00000000a9649480,0x00000000b4300000)
 Metaspace       used 86580K, capacity 89974K, committed 93272K, reserved 1130496K
  class space    used 11041K, capacity 11888K, committed 12632K, reserved 1048576K
}
Event: 2588.761 GC heap before
{Heap before GC invocations=31 (full 5):
 PSYoungGen      total 162304K, used 101376K [0x00000000e0000000, 0x00000000f1100000, 0x0000000100000000)
  eden space 101376K, 100% used [0x00000000e0000000,0x00000000e6300000,0x00000000e6300000)
  from space 60928K, 0% used [0x00000000ead00000,0x00000000ead00000,0x00000000ee880000)
  to   space 75776K, 0% used [0x00000000e6300000,0x00000000e6300000,0x00000000ead00000)
 ParOldGen       total 330752K, used 153893K [0x00000000a0000000, 0x00000000b4300000, 0x00000000e0000000)
  object space 330752K, 46% used [0x00000000a0000000,0x00000000a9649480,0x00000000b4300000)
 Metaspace       used 86626K, capacity 90038K, committed 93272K, reserved 1130496K
  class space    used 11041K, capacity 11888K, committed 12632K, reserved 1048576K
Event: 2588.811 GC heap after
Heap after GC invocations=31 (full 5):
 PSYoungGen      total 177152K, used 20592K [0x00000000e0000000, 0x00000000efc00000, 0x0000000100000000)
  eden space 101376K, 0% used [0x00000000e0000000,0x00000000e0000000,0x00000000e6300000)
  from space 75776K, 27% used [0x00000000e6300000,0x00000000e771c158,0x00000000ead00000)
  to   space 72704K, 0% used [0x00000000eb500000,0x00000000eb500000,0x00000000efc00000)
 ParOldGen       total 330752K, used 153893K [0x00000000a0000000, 0x00000000b4300000, 0x00000000e0000000)
  object space 330752K, 46% used [0x00000000a0000000,0x00000000a9649480,0x00000000b4300000)
 Metaspace       used 86626K, capacity 90038K, committed 93272K, reserved 1130496K
  class space    used 11041K, capacity 11888K, committed 12632K, reserved 1048576K
}
Event: 2589.817 GC heap before
{Heap before GC invocations=32 (full 5):
 PSYoungGen      total 177152K, used 115013K [0x00000000e0000000, 0x00000000efc00000, 0x0000000100000000)
  eden space 101376K, 93% used [0x00000000e0000000,0x00000000e5c35468,0x00000000e6300000)
  from space 75776K, 27% used [0x00000000e6300000,0x00000000e771c158,0x00000000ead00000)
  to   space 72704K, 0% used [0x00000000eb500000,0x00000000eb500000,0x00000000efc00000)
 ParOldGen       total 330752K, used 153893K [0x00000000a0000000, 0x00000000b4300000, 0x00000000e0000000)
  object space 330752K, 46% used [0x00000000a0000000,0x00000000a9649480,0x00000000b4300000)
 Metaspace       used 86674K, capacity 90108K, committed 93272K, reserved 1130496K
  class space    used 11043K, capacity 11891K, committed 12632K, reserved 1048576K
Event: 2589.826 GC heap after
Heap after GC invocations=32 (full 5):
 PSYoungGen      total 182784K, used 47699K [0x00000000e0000000, 0x00000000eff80000, 0x0000000100000000)
  eden space 110080K, 0% used [0x00000000e0000000,0x00000000e0000000,0x00000000e6b80000)
  from space 72704K, 65% used [0x00000000eb500000,0x00000000ee394d18,0x00000000efc00000)
  to   space 75264K, 0% used [0x00000000e6b80000,0x00000000e6b80000,0x00000000eb500000)
 ParOldGen       total 330752K, used 153893K [0x00000000a0000000, 0x00000000b4300000, 0x00000000e0000000)
  object space 330752K, 46% used [0x00000000a0000000,0x00000000a9649480,0x00000000b4300000)
 Metaspace       used 86674K, capacity 90108K, committed 93272K, reserved 1130496K
  class space    used 11043K, capacity 11891K, committed 12632K, reserved 1048576K
}
Event: 2590.117 GC heap before
{Heap before GC invocations=33 (full 5):
 PSYoungGen      total 182784K, used 157779K [0x00000000e0000000, 0x00000000eff80000, 0x0000000100000000)
  eden space 110080K, 100% used [0x00000000e0000000,0x00000000e6b80000,0x00000000e6b80000)
  from space 72704K, 65% used [0x00000000eb500000,0x00000000ee394d18,0x00000000efc00000)
  to   space 75264K, 0% used [0x00000000e6b80000,0x00000000e6b80000,0x00000000eb500000)
 ParOldGen       total 330752K, used 153893K [0x00000000a0000000, 0x00000000b4300000, 0x00000000e0000000)
  object space 330752K, 46% used [0x00000000a0000000,0x00000000a9649480,0x00000000b4300000)
 Metaspace       used 86698K, capacity 90112K, committed 93272K, reserved 1130496K
  class space    used 11044K, capacity 11891K, committed 12632K, reserved 1048576K
Event: 2590.164 GC heap after
Heap after GC invocations=33 (full 5):
 PSYoungGen      total 185344K, used 75238K [0x00000000e0000000, 0x00000000f2a00000, 0x0000000100000000)
  eden space 110080K, 0% used [0x00000000e0000000,0x00000000e0000000,0x00000000e6b80000)
  from space 75264K, 99% used [0x00000000e6b80000,0x00000000eb4f9b90,0x00000000eb500000)
  to   space 90624K, 0% used [0x00000000ed180000,0x00000000ed180000,0x00000000f2a00000)
 ParOldGen       total 330752K, used 162386K [0x00000000a0000000, 0x00000000b4300000, 0x00000000e0000000)
  object space 330752K, 49% used [0x00000000a0000000,0x00000000a9e94bf0,0x00000000b4300000)
 Metaspace       used 86698K, capacity 90112K, committed 93272K, reserved 1130496K
  class space    used 11044K, capacity 11891K, committed 12632K, reserved 1048576K
}
Event: 2591.036 GC heap before
{Heap before GC invocations=34 (full 5):
 PSYoungGen      total 185344K, used 185318K [0x00000000e0000000, 0x00000000f2a00000, 0x0000000100000000)
  eden space 110080K, 100% used [0x00000000e0000000,0x00000000e6b80000,0x00000000e6b80000)
  from space 75264K, 99% used [0x00000000e6b80000,0x00000000eb4f9b90,0x00000000eb500000)
  to   space 90624K, 0% used [0x00000000ed180000,0x00000000ed180000,0x00000000f2a00000)
 ParOldGen       total 330752K, used 162386K [0x00000000a0000000, 0x00000000b4300000, 0x00000000e0000000)
  object space 330752K, 49% used [0x00000000a0000000,0x00000000a9e94bf0,0x00000000b4300000)
 Metaspace       used 86715K, capacity 90112K, committed 93272K, reserved 1130496K
  class space    used 11044K, capacity 11891K, committed 12632K, reserved 1048576K
Event: 2591.111 GC heap after
Heap after GC invocations=34 (full 5):
 PSYoungGen      total 200704K, used 90600K [0x00000000e0000000, 0x00000000f2a00000, 0x0000000100000000)
  eden space 110080K, 0% used [0x00000000e0000000,0x00000000e0000000,0x00000000e6b80000)
  from space 90624K, 99% used [0x00000000ed180000,0x00000000f29fa148,0x00000000f2a00000)
  to   space 75264K, 0% used [0x00000000e6b80000,0x00000000e6b80000,0x00000000eb500000)
 ParOldGen       total 330752K, used 168939K [0x00000000a0000000, 0x00000000b4300000, 0x00000000e0000000)
  object space 330752K, 51% used [0x00000000a0000000,0x00000000aa4fac90,0x00000000b4300000)
 Metaspace       used 86715K, capacity 90112K, committed 93272K, reserved 1130496K
  class space    used 11044K, capacity 11891K, committed 12632K, reserved 1048576K
}

