# JRE version: OpenJDK Runtime Environment (8.0_152-b06) (build 1.8.0_152-release-1136-b06)
# Java VM: OpenJDK 64-Bit Server VM (25.152-b06 mixed mode windows-amd64 compressed oops)
Heap:
 PSYoungGen      total 140800K, used 62106K [0x00000000e0000000, 0x00000000e9980000, 0x0000000100000000)
  eden space 131072K, 47% used [0x00000000e0000000,0x00000000e3ca6ad8,0x00000000e8000000)
  from space 9728K, 0% used [0x00000000e8000000,0x00000000e8000000,0x00000000e8980000)
  to   space 12288K, 0% used [0x00000000e8d80000,0x00000000e8d80000,0x00000000e9980000)
 ParOldGen       total 64000K, used 19122K [0x00000000a0000000, 0x00000000a3e80000, 0x00000000e0000000)
  object space 64000K, 29% used [0x00000000a0000000,0x00000000a12acb28,0x00000000a3e80000)
 Metaspace       used 38030K, capacity 38668K, committed 39000K, reserved 1083392K
  class space    used 5189K, capacity 5410K, committed 5504K, reserved 1048576K
GC Heap History (10 events):
Event: 3.586 GC heap before
{Heap before GC invocations=5 (full 0):
 PSYoungGen      total 71680K, used 21297K [0x00000000e0000000, 0x00000000e4b00000, 0x0000000100000000)
  eden space 66560K, 24% used [0x00000000e0000000,0x00000000e0fd45c0,0x00000000e4100000)
  from space 5120K, 99% used [0x00000000e4600000,0x00000000e4af8020,0x00000000e4b00000)
  to   space 5120K, 0% used [0x00000000e4100000,0x00000000e4100000,0x00000000e4600000)
 ParOldGen       total 87552K, used 5381K [0x00000000a0000000, 0x00000000a5580000, 0x00000000e0000000)
  object space 87552K, 6% used [0x00000000a0000000,0x00000000a0541408,0x00000000a5580000)
 Metaspace       used 20801K, capacity 21104K, committed 21248K, reserved 1067008K
  class space    used 2914K, capacity 3018K, committed 3072K, reserved 1048576K
Event: 3.595 GC heap after
Heap after GC invocations=5 (full 0):
 PSYoungGen      total 71680K, used 5088K [0x00000000e0000000, 0x00000000e9600000, 0x0000000100000000)
  eden space 66560K, 0% used [0x00000000e0000000,0x00000000e0000000,0x00000000e4100000)
  from space 5120K, 99% used [0x00000000e4100000,0x00000000e45f8030,0x00000000e4600000)
  to   space 10240K, 0% used [0x00000000e8c00000,0x00000000e8c00000,0x00000000e9600000)
 ParOldGen       total 87552K, used 8275K [0x00000000a0000000, 0x00000000a5580000, 0x00000000e0000000)
  object space 87552K, 9% used [0x00000000a0000000,0x00000000a0814fc8,0x00000000a5580000)
 Metaspace       used 20801K, capacity 21104K, committed 21248K, reserved 1067008K
  class space    used 2914K, capacity 3018K, committed 3072K, reserved 1048576K
}
Event: 3.595 GC heap before
{Heap before GC invocations=6 (full 1):
 PSYoungGen      total 71680K, used 5088K [0x00000000e0000000, 0x00000000e9600000, 0x0000000100000000)
  eden space 66560K, 0% used [0x00000000e0000000,0x00000000e0000000,0x00000000e4100000)
  from space 5120K, 99% used [0x00000000e4100000,0x00000000e45f8030,0x00000000e4600000)
  to   space 10240K, 0% used [0x00000000e8c00000,0x00000000e8c00000,0x00000000e9600000)
 ParOldGen       total 87552K, used 8275K [0x00000000a0000000, 0x00000000a5580000, 0x00000000e0000000)
  object space 87552K, 9% used [0x00000000a0000000,0x00000000a0814fc8,0x00000000a5580000)
 Metaspace       used 20801K, capacity 21104K, committed 21248K, reserved 1067008K
  class space    used 2914K, capacity 3018K, committed 3072K, reserved 1048576K
Event: 3.655 GC heap after
Heap after GC invocations=6 (full 1):
 PSYoungGen      total 71680K, used 0K [0x00000000e0000000, 0x00000000e9600000, 0x0000000100000000)
  eden space 66560K, 0% used [0x00000000e0000000,0x00000000e0000000,0x00000000e4100000)
  from space 5120K, 0% used [0x00000000e4100000,0x00000000e4100000,0x00000000e4600000)
  to   space 10240K, 0% used [0x00000000e8c00000,0x00000000e8c00000,0x00000000e9600000)
 ParOldGen       total 64000K, used 8165K [0x00000000a0000000, 0x00000000a3e80000, 0x00000000e0000000)
  object space 64000K, 12% used [0x00000000a0000000,0x00000000a07f9468,0x00000000a3e80000)
 Metaspace       used 20801K, capacity 21104K, committed 21248K, reserved 1067008K
  class space    used 2914K, capacity 3018K, committed 3072K, reserved 1048576K
}
Event: 5.459 GC heap before
{Heap before GC invocations=7 (full 1):
 PSYoungGen      total 71680K, used 66560K [0x00000000e0000000, 0x00000000e9600000, 0x0000000100000000)
  eden space 66560K, 100% used [0x00000000e0000000,0x00000000e4100000,0x00000000e4100000)
  from space 5120K, 0% used [0x00000000e4100000,0x00000000e4100000,0x00000000e4600000)
  to   space 10240K, 0% used [0x00000000e8c00000,0x00000000e8c00000,0x00000000e9600000)
 ParOldGen       total 64000K, used 8165K [0x00000000a0000000, 0x00000000a3e80000, 0x00000000e0000000)
  object space 64000K, 12% used [0x00000000a0000000,0x00000000a07f9468,0x00000000a3e80000)
 Metaspace       used 26392K, capacity 26704K, committed 26880K, reserved 1073152K
  class space    used 3630K, capacity 3745K, committed 3840K, reserved 1048576K
Event: 5.467 GC heap after
Heap after GC invocations=7 (full 1):
 PSYoungGen      total 101376K, used 6861K [0x00000000e0000000, 0x00000000e9300000, 0x0000000100000000)
  eden space 94208K, 0% used [0x00000000e0000000,0x00000000e0000000,0x00000000e5c00000)
  from space 7168K, 95% used [0x00000000e8c00000,0x00000000e92b35b0,0x00000000e9300000)
  to   space 9728K, 0% used [0x00000000e8000000,0x00000000e8000000,0x00000000e8980000)
 ParOldGen       total 64000K, used 8173K [0x00000000a0000000, 0x00000000a3e80000, 0x00000000e0000000)
  object space 64000K, 12% used [0x00000000a0000000,0x00000000a07fb468,0x00000000a3e80000)
 Metaspace       used 26392K, capacity 26704K, committed 26880K, reserved 1073152K
  class space    used 3630K, capacity 3745K, committed 3840K, reserved 1048576K
}
Event: 7.287 GC heap before
{Heap before GC invocations=8 (full 1):
 PSYoungGen      total 101376K, used 100784K [0x00000000e0000000, 0x00000000e9300000, 0x0000000100000000)
  eden space 94208K, 99% used [0x00000000e0000000,0x00000000e5bb8ab0,0x00000000e5c00000)
  from space 7168K, 95% used [0x00000000e8c00000,0x00000000e92b35b0,0x00000000e9300000)
  to   space 9728K, 0% used [0x00000000e8000000,0x00000000e8000000,0x00000000e8980000)
 ParOldGen       total 64000K, used 8173K [0x00000000a0000000, 0x00000000a3e80000, 0x00000000e0000000)
  object space 64000K, 12% used [0x00000000a0000000,0x00000000a07fb468,0x00000000a3e80000)
 Metaspace       used 34664K, capacity 35182K, committed 35416K, reserved 1079296K
  class space    used 4788K, capacity 4977K, committed 4992K, reserved 1048576K
Event: 7.305 GC heap after
Heap after GC invocations=8 (full 1):
 PSYoungGen      total 140800K, used 9722K [0x00000000e0000000, 0x00000000e9980000, 0x0000000100000000)
  eden space 131072K, 0% used [0x00000000e0000000,0x00000000e0000000,0x00000000e8000000)
  from space 9728K, 99% used [0x00000000e8000000,0x00000000e897e828,0x00000000e8980000)
  to   space 12288K, 0% used [0x00000000e8d80000,0x00000000e8d80000,0x00000000e9980000)
 ParOldGen       total 64000K, used 11041K [0x00000000a0000000, 0x00000000a3e80000, 0x00000000e0000000)
  object space 64000K, 17% used [0x00000000a0000000,0x00000000a0ac8438,0x00000000a3e80000)
 Metaspace       used 34664K, capacity 35182K, committed 35416K, reserved 1079296K
  class space    used 4788K, capacity 4977K, committed 4992K, reserved 1048576K
}
Event: 7.305 GC heap before
{Heap before GC invocations=9 (full 2):
 PSYoungGen      total 140800K, used 9722K [0x00000000e0000000, 0x00000000e9980000, 0x0000000100000000)
  eden space 131072K, 0% used [0x00000000e0000000,0x00000000e0000000,0x00000000e8000000)
  from space 9728K, 99% used [0x00000000e8000000,0x00000000e897e828,0x00000000e8980000)
  to   space 12288K, 0% used [0x00000000e8d80000,0x00000000e8d80000,0x00000000e9980000)
 ParOldGen       total 64000K, used 11041K [0x00000000a0000000, 0x00000000a3e80000, 0x00000000e0000000)
  object space 64000K, 17% used [0x00000000a0000000,0x00000000a0ac8438,0x00000000a3e80000)
 Metaspace       used 34664K, capacity 35182K, committed 35416K, reserved 1079296K
  class space    used 4788K, capacity 4977K, committed 4992K, reserved 1048576K
Event: 7.426 GC heap after
Heap after GC invocations=9 (full 2):
 PSYoungGen      total 140800K, used 0K [0x00000000e0000000, 0x00000000e9980000, 0x0000000100000000)
  eden space 131072K, 0% used [0x00000000e0000000,0x00000000e0000000,0x00000000e8000000)
  from space 9728K, 0% used [0x00000000e8000000,0x00000000e8000000,0x00000000e8980000)
  to   space 12288K, 0% used [0x00000000e8d80000,0x00000000e8d80000,0x00000000e9980000)
 ParOldGen       total 64000K, used 19122K [0x00000000a0000000, 0x00000000a3e80000, 0x00000000e0000000)
  object space 64000K, 29% used [0x00000000a0000000,0x00000000a12acb28,0x00000000a3e80000)
 Metaspace       used 34664K, capacity 35182K, committed 35416K, reserved 1079296K
  class space    used 4788K, capacity 4977K, committed 4992K, reserved 1048576K
}

