# JRE version: OpenJDK Runtime Environment (8.0_152-b06) (build 1.8.0_152-release-1136-b06)
# Java VM: OpenJDK 64-Bit Server VM (25.152-b06 mixed mode windows-amd64 compressed oops)
Heap:
 PSYoungGen      total 276992K, used 124303K [0x00000000e0000000, 0x00000000f4280000, 0x0000000100000000)
  eden space 259584K, 41% used [0x00000000e0000000,0x00000000e68dfb60,0x00000000efd80000)
  from space 17408K, 97% used [0x00000000f3180000,0x00000000f4204250,0x00000000f4280000)
  to   space 23040K, 0% used [0x00000000f1580000,0x00000000f1580000,0x00000000f2c00000)
 ParOldGen       total 140800K, used 47025K [0x00000000a0000000, 0x00000000a8980000, 0x00000000e0000000)
  object space 140800K, 33% used [0x00000000a0000000,0x00000000a2dec7b0,0x00000000a8980000)
 Metaspace       used 74831K, capacity 77562K, committed 77784K, reserved 1116160K
  class space    used 9918K, capacity 10607K, committed 10712K, reserved 1048576K
GC Heap History (10 events):
Event: 7.560 GC heap before
{Heap before GC invocations=11 (full 2):
 PSYoungGen      total 164352K, used 151552K [0x00000000e0000000, 0x00000000ef600000, 0x0000000100000000)
  eden space 151552K, 100% used [0x00000000e0000000,0x00000000e9400000,0x00000000e9400000)
  from space 12800K, 0% used [0x00000000ea080000,0x00000000ea080000,0x00000000ead00000)
  to   space 12800K, 0% used [0x00000000e9400000,0x00000000e9400000,0x00000000ea080000)
 ParOldGen       total 82432K, used 15547K [0x00000000a0000000, 0x00000000a5080000, 0x00000000e0000000)
  object space 82432K, 18% used [0x00000000a0000000,0x00000000a0f2ec90,0x00000000a5080000)
 Metaspace       used 44049K, capacity 45110K, committed 45272K, reserved 1087488K
  class space    used 6007K, capacity 6359K, committed 6360K, reserved 1048576K
Event: 7.575 GC heap after
Heap after GC invocations=11 (full 2):
 PSYoungGen      total 164352K, used 12797K [0x00000000e0000000, 0x00000000eef80000, 0x0000000100000000)
  eden space 151552K, 0% used [0x00000000e0000000,0x00000000e0000000,0x00000000e9400000)
  from space 12800K, 99% used [0x00000000e9400000,0x00000000ea07f558,0x00000000ea080000)
  to   space 16384K, 0% used [0x00000000edf80000,0x00000000edf80000,0x00000000eef80000)
 ParOldGen       total 82432K, used 20546K [0x00000000a0000000, 0x00000000a5080000, 0x00000000e0000000)
  object space 82432K, 24% used [0x00000000a0000000,0x00000000a1410b98,0x00000000a5080000)
 Metaspace       used 44049K, capacity 45110K, committed 45272K, reserved 1087488K
  class space    used 6007K, capacity 6359K, committed 6360K, reserved 1048576K
}
Event: 8.942 GC heap before
{Heap before GC invocations=12 (full 2):
 PSYoungGen      total 164352K, used 164349K [0x00000000e0000000, 0x00000000eef80000, 0x0000000100000000)
  eden space 151552K, 100% used [0x00000000e0000000,0x00000000e9400000,0x00000000e9400000)
  from space 12800K, 99% used [0x00000000e9400000,0x00000000ea07f558,0x00000000ea080000)
  to   space 16384K, 0% used [0x00000000edf80000,0x00000000edf80000,0x00000000eef80000)
 ParOldGen       total 82432K, used 20546K [0x00000000a0000000, 0x00000000a5080000, 0x00000000e0000000)
  object space 82432K, 24% used [0x00000000a0000000,0x00000000a1410b98,0x00000000a5080000)
 Metaspace       used 55184K, capacity 57048K, committed 57304K, reserved 1097728K
  class space    used 7612K, capacity 8086K, committed 8152K, reserved 1048576K
Event: 8.956 GC heap after
Heap after GC invocations=12 (full 2):
 PSYoungGen      total 223232K, used 16382K [0x00000000e0000000, 0x00000000ef700000, 0x0000000100000000)
  eden space 206848K, 0% used [0x00000000e0000000,0x00000000e0000000,0x00000000eca00000)
  from space 16384K, 99% used [0x00000000edf80000,0x00000000eef7fbf8,0x00000000eef80000)
  to   space 22016K, 0% used [0x00000000eca00000,0x00000000eca00000,0x00000000edf80000)
 ParOldGen       total 82432K, used 30156K [0x00000000a0000000, 0x00000000a5080000, 0x00000000e0000000)
  object space 82432K, 36% used [0x00000000a0000000,0x00000000a1d733b0,0x00000000a5080000)
 Metaspace       used 55184K, capacity 57048K, committed 57304K, reserved 1097728K
  class space    used 7612K, capacity 8086K, committed 8152K, reserved 1048576K
}
Event: 9.489 GC heap before
{Heap before GC invocations=13 (full 2):
 PSYoungGen      total 223232K, used 140179K [0x00000000e0000000, 0x00000000ef700000, 0x0000000100000000)
  eden space 206848K, 59% used [0x00000000e0000000,0x00000000e78e5160,0x00000000eca00000)
  from space 16384K, 99% used [0x00000000edf80000,0x00000000eef7fbf8,0x00000000eef80000)
  to   space 22016K, 0% used [0x00000000eca00000,0x00000000eca00000,0x00000000edf80000)
 ParOldGen       total 82432K, used 30156K [0x00000000a0000000, 0x00000000a5080000, 0x00000000e0000000)
  object space 82432K, 36% used [0x00000000a0000000,0x00000000a1d733b0,0x00000000a5080000)
 Metaspace       used 57017K, capacity 58876K, committed 59028K, reserved 1099776K
  class space    used 7899K, capacity 8394K, committed 8408K, reserved 1048576K
Event: 9.514 GC heap after
Heap after GC invocations=13 (full 2):
 PSYoungGen      total 228864K, used 13363K [0x00000000e0000000, 0x00000000f4700000, 0x0000000100000000)
  eden space 206848K, 0% used [0x00000000e0000000,0x00000000e0000000,0x00000000eca00000)
  from space 22016K, 60% used [0x00000000eca00000,0x00000000ed70cfe0,0x00000000edf80000)
  to   space 22016K, 0% used [0x00000000f3180000,0x00000000f3180000,0x00000000f4700000)
 ParOldGen       total 82432K, used 46519K [0x00000000a0000000, 0x00000000a5080000, 0x00000000e0000000)
  object space 82432K, 56% used [0x00000000a0000000,0x00000000a2d6df48,0x00000000a5080000)
 Metaspace       used 57017K, capacity 58876K, committed 59028K, reserved 1099776K
  class space    used 7899K, capacity 8394K, committed 8408K, reserved 1048576K
}
Event: 9.514 GC heap before
{Heap before GC invocations=14 (full 3):
 PSYoungGen      total 228864K, used 13363K [0x00000000e0000000, 0x00000000f4700000, 0x0000000100000000)
  eden space 206848K, 0% used [0x00000000e0000000,0x00000000e0000000,0x00000000eca00000)
  from space 22016K, 60% used [0x00000000eca00000,0x00000000ed70cfe0,0x00000000edf80000)
  to   space 22016K, 0% used [0x00000000f3180000,0x00000000f3180000,0x00000000f4700000)
 ParOldGen       total 82432K, used 46519K [0x00000000a0000000, 0x00000000a5080000, 0x00000000e0000000)
  object space 82432K, 56% used [0x00000000a0000000,0x00000000a2d6df48,0x00000000a5080000)
 Metaspace       used 57017K, capacity 58876K, committed 59028K, reserved 1099776K
  class space    used 7899K, capacity 8394K, committed 8408K, reserved 1048576K
Event: 9.740 GC heap after
Heap after GC invocations=14 (full 3):
 PSYoungGen      total 228864K, used 0K [0x00000000e0000000, 0x00000000f4700000, 0x0000000100000000)
  eden space 206848K, 0% used [0x00000000e0000000,0x00000000e0000000,0x00000000eca00000)
  from space 22016K, 0% used [0x00000000eca00000,0x00000000eca00000,0x00000000edf80000)
  to   space 22016K, 0% used [0x00000000f3180000,0x00000000f3180000,0x00000000f4700000)
 ParOldGen       total 140800K, used 47017K [0x00000000a0000000, 0x00000000a8980000, 0x00000000e0000000)
  object space 140800K, 33% used [0x00000000a0000000,0x00000000a2dea7b0,0x00000000a8980000)
 Metaspace       used 57017K, capacity 58876K, committed 59028K, reserved 1099776K
  class space    used 7899K, capacity 8394K, committed 8408K, reserved 1048576K
}
Event: 30.142 GC heap before
{Heap before GC invocations=15 (full 3):
 PSYoungGen      total 228864K, used 206848K [0x00000000e0000000, 0x00000000f4700000, 0x0000000100000000)
  eden space 206848K, 100% used [0x00000000e0000000,0x00000000eca00000,0x00000000eca00000)
  from space 22016K, 0% used [0x00000000eca00000,0x00000000eca00000,0x00000000edf80000)
  to   space 22016K, 0% used [0x00000000f3180000,0x00000000f3180000,0x00000000f4700000)
 ParOldGen       total 140800K, used 47017K [0x00000000a0000000, 0x00000000a8980000, 0x00000000e0000000)
  object space 140800K, 33% used [0x00000000a0000000,0x00000000a2dea7b0,0x00000000a8980000)
 Metaspace       used 67931K, capacity 70288K, committed 70360K, reserved 1110016K
  class space    used 9052K, capacity 9671K, committed 9688K, reserved 1048576K
Event: 30.153 GC heap after
Heap after GC invocations=15 (full 3):
 PSYoungGen      total 276992K, used 16912K [0x00000000e0000000, 0x00000000f4280000, 0x0000000100000000)
  eden space 259584K, 0% used [0x00000000e0000000,0x00000000e0000000,0x00000000efd80000)
  from space 17408K, 97% used [0x00000000f3180000,0x00000000f4204250,0x00000000f4280000)
  to   space 23040K, 0% used [0x00000000f1580000,0x00000000f1580000,0x00000000f2c00000)
 ParOldGen       total 140800K, used 47025K [0x00000000a0000000, 0x00000000a8980000, 0x00000000e0000000)
  object space 140800K, 33% used [0x00000000a0000000,0x00000000a2dec7b0,0x00000000a8980000)
 Metaspace       used 67931K, capacity 70288K, committed 70360K, reserved 1110016K
  class space    used 9052K, capacity 9671K, committed 9688K, reserved 1048576K
}

