# JRE version: OpenJDK Runtime Environment (8.0_152-b06) (build 1.8.0_152-release-1136-b06)
# Java VM: OpenJDK 64-Bit Server VM (25.152-b06 mixed mode windows-amd64 compressed oops)
Heap:
 PSYoungGen      total 119808K, used 25261K [0x00000000e0000000, 0x00000000ea280000, 0x0000000100000000)
  eden space 104960K, 9% used [0x00000000e0000000,0x00000000e0a32c78,0x00000000e6680000)
  from space 14848K, 99% used [0x00000000e7a00000,0x00000000e88788e8,0x00000000e8880000)
  to   space 19968K, 0% used [0x00000000e6680000,0x00000000e6680000,0x00000000e7a00000)
 ParOldGen       total 100864K, used 29917K [0x00000000a0000000, 0x00000000a6280000, 0x00000000e0000000)
  object space 100864K, 29% used [0x00000000a0000000,0x00000000a1d37590,0x00000000a6280000)
 Metaspace       used 54894K, capacity 56628K, committed 56664K, reserved 1097728K
  class space    used 7537K, capacity 8010K, committed 8024K, reserved 1048576K
GC Heap History (10 events):
Event: 6.240 GC heap before
{Heap before GC invocations=10 (full 1):
 PSYoungGen      total 90624K, used 39186K [0x00000000e0000000, 0x00000000e7080000, 0x0000000100000000)
  eden space 80384K, 36% used [0x00000000e0000000,0x00000000e1cb1750,0x00000000e4e80000)
  from space 10240K, 95% used [0x00000000e5980000,0x00000000e6313120,0x00000000e6380000)
  to   space 11264K, 0% used [0x00000000e4e80000,0x00000000e4e80000,0x00000000e5980000)
 ParOldGen       total 59904K, used 8303K [0x00000000a0000000, 0x00000000a3a80000, 0x00000000e0000000)
  object space 59904K, 13% used [0x00000000a0000000,0x00000000a081bec0,0x00000000a3a80000)
 Metaspace       used 34593K, capacity 35268K, committed 35416K, reserved 1079296K
  class space    used 4862K, capacity 5121K, committed 5208K, reserved 1048576K
Event: 6.268 GC heap after
Heap after GC invocations=10 (full 1):
 PSYoungGen      total 91648K, used 9113K [0x00000000e0000000, 0x00000000e8500000, 0x0000000100000000)
  eden space 80384K, 0% used [0x00000000e0000000,0x00000000e0000000,0x00000000e4e80000)
  from space 11264K, 80% used [0x00000000e4e80000,0x00000000e5766788,0x00000000e5980000)
  to   space 11776K, 0% used [0x00000000e7980000,0x00000000e7980000,0x00000000e8500000)
 ParOldGen       total 59904K, used 9791K [0x00000000a0000000, 0x00000000a3a80000, 0x00000000e0000000)
  object space 59904K, 16% used [0x00000000a0000000,0x00000000a098fd70,0x00000000a3a80000)
 Metaspace       used 34593K, capacity 35268K, committed 35416K, reserved 1079296K
  class space    used 4862K, capacity 5121K, committed 5208K, reserved 1048576K
}
Event: 6.268 GC heap before
{Heap before GC invocations=11 (full 2):
 PSYoungGen      total 91648K, used 9113K [0x00000000e0000000, 0x00000000e8500000, 0x0000000100000000)
  eden space 80384K, 0% used [0x00000000e0000000,0x00000000e0000000,0x00000000e4e80000)
  from space 11264K, 80% used [0x00000000e4e80000,0x00000000e5766788,0x00000000e5980000)
  to   space 11776K, 0% used [0x00000000e7980000,0x00000000e7980000,0x00000000e8500000)
 ParOldGen       total 59904K, used 9791K [0x00000000a0000000, 0x00000000a3a80000, 0x00000000e0000000)
  object space 59904K, 16% used [0x00000000a0000000,0x00000000a098fd70,0x00000000a3a80000)
 Metaspace       used 34593K, capacity 35268K, committed 35416K, reserved 1079296K
  class space    used 4862K, capacity 5121K, committed 5208K, reserved 1048576K
Event: 6.455 GC heap after
Heap after GC invocations=11 (full 2):
 PSYoungGen      total 91648K, used 0K [0x00000000e0000000, 0x00000000e8500000, 0x0000000100000000)
  eden space 80384K, 0% used [0x00000000e0000000,0x00000000e0000000,0x00000000e4e80000)
  from space 11264K, 0% used [0x00000000e4e80000,0x00000000e4e80000,0x00000000e5980000)
  to   space 11776K, 0% used [0x00000000e7980000,0x00000000e7980000,0x00000000e8500000)
 ParOldGen       total 100864K, used 17101K [0x00000000a0000000, 0x00000000a6280000, 0x00000000e0000000)
  object space 100864K, 16% used [0x00000000a0000000,0x00000000a10b34f8,0x00000000a6280000)
 Metaspace       used 34593K, capacity 35268K, committed 35416K, reserved 1079296K
  class space    used 4862K, capacity 5121K, committed 5208K, reserved 1048576K
}
Event: 7.853 GC heap before
{Heap before GC invocations=12 (full 2):
 PSYoungGen      total 91648K, used 80384K [0x00000000e0000000, 0x00000000e8500000, 0x0000000100000000)
  eden space 80384K, 100% used [0x00000000e0000000,0x00000000e4e80000,0x00000000e4e80000)
  from space 11264K, 0% used [0x00000000e4e80000,0x00000000e4e80000,0x00000000e5980000)
  to   space 11776K, 0% used [0x00000000e7980000,0x00000000e7980000,0x00000000e8500000)
 ParOldGen       total 100864K, used 17101K [0x00000000a0000000, 0x00000000a6280000, 0x00000000e0000000)
  object space 100864K, 16% used [0x00000000a0000000,0x00000000a10b34f8,0x00000000a6280000)
 Metaspace       used 39773K, capacity 40614K, committed 40920K, reserved 1085440K
  class space    used 5459K, capacity 5726K, committed 5848K, reserved 1048576K
Event: 7.867 GC heap after
Heap after GC invocations=12 (full 2):
 PSYoungGen      total 103424K, used 8212K [0x00000000e0000000, 0x00000000e8200000, 0x0000000100000000)
  eden space 94720K, 0% used [0x00000000e0000000,0x00000000e0000000,0x00000000e5c80000)
  from space 8704K, 94% used [0x00000000e7980000,0x00000000e8185398,0x00000000e8200000)
  to   space 11776K, 0% used [0x00000000e6b00000,0x00000000e6b00000,0x00000000e7680000)
 ParOldGen       total 100864K, used 17109K [0x00000000a0000000, 0x00000000a6280000, 0x00000000e0000000)
  object space 100864K, 16% used [0x00000000a0000000,0x00000000a10b54f8,0x00000000a6280000)
 Metaspace       used 39773K, capacity 40614K, committed 40920K, reserved 1085440K
  class space    used 5459K, capacity 5726K, committed 5848K, reserved 1048576K
}
Event: 9.449 GC heap before
{Heap before GC invocations=13 (full 2):
 PSYoungGen      total 103424K, used 102932K [0x00000000e0000000, 0x00000000e8200000, 0x0000000100000000)
  eden space 94720K, 100% used [0x00000000e0000000,0x00000000e5c80000,0x00000000e5c80000)
  from space 8704K, 94% used [0x00000000e7980000,0x00000000e8185398,0x00000000e8200000)
  to   space 11776K, 0% used [0x00000000e6b00000,0x00000000e6b00000,0x00000000e7680000)
 ParOldGen       total 100864K, used 17109K [0x00000000a0000000, 0x00000000a6280000, 0x00000000e0000000)
  object space 100864K, 16% used [0x00000000a0000000,0x00000000a10b54f8,0x00000000a6280000)
 Metaspace       used 48184K, capacity 49282K, committed 49496K, reserved 1091584K
  class space    used 6541K, capacity 6879K, committed 7000K, reserved 1048576K
Event: 9.467 GC heap after
Heap after GC invocations=13 (full 2):
 PSYoungGen      total 121344K, used 11772K [0x00000000e0000000, 0x00000000e8880000, 0x0000000100000000)
  eden space 109568K, 0% used [0x00000000e0000000,0x00000000e0000000,0x00000000e6b00000)
  from space 11776K, 99% used [0x00000000e6b00000,0x00000000e767f340,0x00000000e7680000)
  to   space 14848K, 0% used [0x00000000e7a00000,0x00000000e7a00000,0x00000000e8880000)
 ParOldGen       total 100864K, used 22232K [0x00000000a0000000, 0x00000000a6280000, 0x00000000e0000000)
  object space 100864K, 22% used [0x00000000a0000000,0x00000000a15b6210,0x00000000a6280000)
 Metaspace       used 48184K, capacity 49282K, committed 49496K, reserved 1091584K
  class space    used 6541K, capacity 6879K, committed 7000K, reserved 1048576K
}
Event: 11.536 GC heap before
{Heap before GC invocations=14 (full 2):
 PSYoungGen      total 121344K, used 121340K [0x00000000e0000000, 0x00000000e8880000, 0x0000000100000000)
  eden space 109568K, 100% used [0x00000000e0000000,0x00000000e6b00000,0x00000000e6b00000)
  from space 11776K, 99% used [0x00000000e6b00000,0x00000000e767f340,0x00000000e7680000)
  to   space 14848K, 0% used [0x00000000e7a00000,0x00000000e7a00000,0x00000000e8880000)
 ParOldGen       total 100864K, used 22232K [0x00000000a0000000, 0x00000000a6280000, 0x00000000e0000000)
  object space 100864K, 22% used [0x00000000a0000000,0x00000000a15b6210,0x00000000a6280000)
 Metaspace       used 54492K, capacity 56244K, committed 56408K, reserved 1097728K
  class space    used 7471K, capacity 7966K, committed 8024K, reserved 1048576K
Event: 11.556 GC heap after
Heap after GC invocations=14 (full 2):
 PSYoungGen      total 119808K, used 14818K [0x00000000e0000000, 0x00000000ea280000, 0x0000000100000000)
  eden space 104960K, 0% used [0x00000000e0000000,0x00000000e0000000,0x00000000e6680000)
  from space 14848K, 99% used [0x00000000e7a00000,0x00000000e88788e8,0x00000000e8880000)
  to   space 19968K, 0% used [0x00000000e6680000,0x00000000e6680000,0x00000000e7a00000)
 ParOldGen       total 100864K, used 29917K [0x00000000a0000000, 0x00000000a6280000, 0x00000000e0000000)
  object space 100864K, 29% used [0x00000000a0000000,0x00000000a1d37590,0x00000000a6280000)
 Metaspace       used 54492K, capacity 56244K, committed 56408K, reserved 1097728K
  class space    used 7471K, capacity 7966K, committed 8024K, reserved 1048576K
}

